=~=~=~=~=~=~=~=~=~=~=~= PuTTY log 2016.03.21 13:23:51 =~=~=~=~=~=~=~=~=~=~=~=
-smdr
SMDREnter Password:PCCSMDR
*******  Date     Time    Ext CO        Dial Number        Ring Duration  Acc code  CD 
--------------------------------------------------------------------------------
21/03/16 01:22PM   501 03 <I>                       0'05 00:00'09            D0 
21/03/16 01:22PM   257 03 <I>                       0'00 00:00'05            TR 
=~=~=~=~=~=~=~=~=~=~=~= PuTTY log 2016.03.21 13:25:33 =~=~=~=~=~=~=~=~=~=~=~=
-smdr
SMDREnter Password:PCCSMDR
*******  Date     Time    Ext CO        Dial Number        Ring Duration  Acc code  CD 
--------------------------------------------------------------------------------
21/03/16 01:23PM   257    EXT101                                                
=~=~=~=~=~=~=~=~=~=~=~= PuTTY log 2016.03.21 13:27:51 =~=~=~=~=~=~=~=~=~=~=~=
-=~=~=~=~=~=~=~=~=~=~=~= PuTTY log 2016.03.21 13:29:01 =~=~=~=~=~=~=~=~=~=~=~=
-smdr
SMDREnter Password:P pccsmdr
*******  Date     Time    Ext CO        Dial Number        Ring Duration  Acc code  CD 
--------------------------------------------------------------------------------
21/03/16 01:24PM   501 03 <I>                       0'05 00:00'33            D0 
=~=~=~=~=~=~=~=~=~=~=~= PuTTY log 2016.03.21 13:29:34 =~=~=~=~=~=~=~=~=~=~=~=
-smdr
SMDREnter Password:pccsmdr
*******  Date     Time    Ext CO        Dial Number        Ring Duration  Acc code  CD 
--------------------------------------------------------------------------------
21/03/16 01:27PM   101 03 <I>                       0'00 00:02'50            TR 
21/03/16 01:28PM   501 03 <I>                       0'01 00:00'00            NA 
=~=~=~=~=~=~=~=~=~=~=~= PuTTY log 2016.03.21 13:32:04 =~=~=~=~=~=~=~=~=~=~=~=
-smdr
SMDREnter Password:pccsmdr
*******  Date     Time    Ext CO        Dial Number        Ring Duration  Acc code  CD 
--------------------------------------------------------------------------------
21/03/16 01:30PM   501 03 <I>                       0'05 00:00'31            D0 
21/03/16 01:30PM   101 03 <I>                       0'00 00:00'03            TR 
